<?xml version="1.0" encoding="UTF-8"?>
<!-- Generated by org.testng.reporters.JUnitXMLReporter -->
<testsuite ignored="0" hostname="UrviDhruvs-MBP" failures="0" tests="1" name="SwagLabsMobileTesting" time="0.103" errors="0" timestamp="2023-02-08T18:53:28 GST">
  <testcase classname="Org.Mobile.Base.BaseTest" name="@BeforeTest startDriver" time="-1.675868008876E9">
    <failure type="org.testng.TestNGException" message="
Parameter &amp;apos;platformName&amp;apos; is required by BeforeTest on method startDriver but has not been marked @Optional or defined
in /Users/urvidhruvchopra/Library/Caches/JetBrains/IdeaIC2022.3/temp-testng-customsuite.xml">
      <![CDATA[org.testng.TestNGException: 
Parameter 'platformName' is required by BeforeTest on method startDriver but has not been marked @Optional or defined
in /Users/urvidhruvchopra/Library/Caches/JetBrains/IdeaIC2022.3/temp-testng-customsuite.xml
at com.intellij.rt.testng.IDEARemoteTestNG.run(IDEARemoteTestNG.java:66)
at com.intellij.rt.testng.RemoteTestNGStarter.main(RemoteTestNGStarter.java:109)
... Removed 18 stack frames]]>
    </failure>
  </testcase> <!-- @BeforeTest startDriver -->
  <testcase classname="Org.Mobile.Tests.ProductsTests" name="@BeforeClass beforeClass" time="0.0">
    <skipped/>
  </testcase> <!-- @BeforeClass beforeClass -->
  <testcase classname="Org.Mobile.Tests.ProductsTests" name="@BeforeMethod beforeMethod" time="0.0">
    <skipped/>
  </testcase> <!-- @BeforeMethod beforeMethod -->
  <testcase classname="Org.Mobile.Tests.ProductsTests" name="@AfterClass afterClass" time="0.0">
    <skipped/>
  </testcase> <!-- @AfterClass afterClass -->
  <testcase classname="Org.Mobile.Base.BaseTest" name="@AfterTest quitDriver" time="0.0">
    <skipped/>
  </testcase> <!-- @AfterTest quitDriver -->
  <testcase classname="Org.Mobile.Tests.ProductsTests" name="productsValidations" time="0.0">
    <skipped/>
  </testcase> <!-- productsValidations -->
</testsuite> <!-- SwagLabsMobileTesting -->
