<?xml version="1.0" encoding="UTF-8"?>
<!-- Generated by org.testng.reporters.JUnitXMLReporter -->
<testsuite ignored="4" hostname="UrviDhruvs-MBP" failures="2" tests="6" name="SwagLabsMobileTestingLoginTests" time="81.036" errors="0" timestamp="2023-02-09T19:21:01 GST">
  <testcase classname="Org.Mobile.Tests.LoginTests" name="InvalidUserNameTests" time="5.717"/>
  <testcase classname="Org.Mobile.Tests.LoginTests" name="invalidPasswordTests" time="5.799"/>
  <testcase classname="Org.Mobile.Tests.LoginTests" name="lockedOutUserTests" time="17.608">
    <failure type="org.openqa.selenium.TimeoutException" message="Expected condition failed: waiting for visibility of Located by By.chained({AppiumBy.id: Sorry, this user has been locked out.}) (tried for 10 second(s) with 500 milliseconds interval)">
      <![CDATA[org.openqa.selenium.TimeoutException: Expected condition failed: waiting for visibility of Located by By.chained({AppiumBy.id: Sorry, this user has been locked out.}) (tried for 10 second(s) with 500 milliseconds interval)
at org.openqa.selenium.support.ui.WebDriverWait.timeoutException(WebDriverWait.java:87)
at org.openqa.selenium.support.ui.FluentWait.until(FluentWait.java:231)
at Org.Mobile.Base.BaseTest.waitForVisibility(BaseTest.java:120)
at Org.Mobile.Base.BaseTest.getAttribute(BaseTest.java:139)
at Org.Mobile.Base.BaseTest.getText(BaseTest.java:154)
at Org.Mobile.pom.LoginPage.getLockedOutUserErrorText(LoginPage.java:78)
at Org.Mobile.pom.LoginPage.assertLockedOutUserErrorText(LoginPage.java:90)
at Org.Mobile.Tests.LoginTests.lockedOutUserTests(LoginTests.java:94)
at java.base/java.util.ArrayList.forEach(ArrayList.java:1511)
at com.intellij.rt.testng.IDEARemoteTestNG.run(IDEARemoteTestNG.java:66)
at com.intellij.rt.testng.RemoteTestNGStarter.main(RemoteTestNGStarter.java:109)
Caused by: org.openqa.selenium.NoSuchElementException: Can't locate an element by this strategy: By.chained({AppiumBy.id: Sorry, this user has been locked out.})
at io.appium.java_client.pagefactory.AppiumElementLocator.findElement(AppiumElementLocator.java:125)
at io.appium.java_client.pagefactory.interceptors.InterceptorOfASingleElement.intercept(InterceptorOfASingleElement.java:59)
at org.openqa.selenium.remote.RemoteWebElement$$EnhancerByCGLIB$$d27c0df4.isDisplayed(<generated>)
at org.openqa.selenium.support.ui.ExpectedConditions.elementIfVisible(ExpectedConditions.java:307)
at org.openqa.selenium.support.ui.ExpectedConditions.access$000(ExpectedConditions.java:40)
at org.openqa.selenium.support.ui.ExpectedConditions$10.apply(ExpectedConditions.java:293)
at org.openqa.selenium.support.ui.ExpectedConditions$10.apply(ExpectedConditions.java:290)
at org.openqa.selenium.support.ui.FluentWait.until(FluentWait.java:208)
... 33 more
Caused by: org.openqa.selenium.TimeoutException: Expected condition failed: waiting for io.appium.java_client.pagefactory.AppiumElementLocator$WaitingFunction@14bf57b2 (tried for 1 second(s) with 500 milliseconds interval)
at org.openqa.selenium.support.ui.FluentWait.timeoutException(FluentWait.java:263)
at org.openqa.selenium.support.ui.FluentWait.until(FluentWait.java:231)
at io.appium.java_client.pagefactory.AppiumElementLocator.waitFor(AppiumElementLocator.java:98)
at io.appium.java_client.pagefactory.AppiumElementLocator.findElement(AppiumElementLocator.java:118)
... 40 more
Caused by: org.openqa.selenium.NoSuchElementException: Cannot locate an element using By.chained({AppiumBy.id: Sorry, this user has been locked out.})
For documentation on this error, please visit: https://selenium.dev/exceptions/#no_such_element
Build info: version: '4.8.0', revision: '267030adea'
System info: os.name: 'Mac OS X', os.arch: 'x86_64', os.version: '10.16', java.version: '15.0.2'
Driver info: driver.version: RemoteWebDriver
at io.appium.java_client.pagefactory.bys.builder.ByChained.findElement(ByChained.java:77)
at org.openqa.selenium.remote.ElementLocation$ElementFinder$1.findElement(ElementLocation.java:136)
at org.openqa.selenium.remote.ElementLocation.findElement(ElementLocation.java:60)
at org.openqa.selenium.remote.RemoteWebDriver.findElement(RemoteWebDriver.java:352)
at org.openqa.selenium.remote.RemoteWebDriver.findElement(RemoteWebDriver.java:344)
at io.appium.java_client.pagefactory.bys.ContentMappedBy.findElement(ContentMappedBy.java:50)
at org.openqa.selenium.remote.ElementLocation$ElementFinder$1.findElement(ElementLocation.java:136)
at org.openqa.selenium.remote.ElementLocation.findElement(ElementLocation.java:60)
at org.openqa.selenium.remote.RemoteWebDriver.findElement(RemoteWebDriver.java:352)
at org.openqa.selenium.remote.RemoteWebDriver.findElement(RemoteWebDriver.java:344)
at io.appium.java_client.pagefactory.AppiumElementLocator.lambda$findElement$0(AppiumElementLocator.java:119)
at io.appium.java_client.pagefactory.AppiumElementLocator$WaitingFunction.apply(AppiumElementLocator.java:171)
at io.appium.java_client.pagefactory.AppiumElementLocator$WaitingFunction.apply(AppiumElementLocator.java:164)
at org.openqa.selenium.support.ui.FluentWait.until(FluentWait.java:208)
... 42 more
... Removed 24 stack frames]]>
    </failure>
  </testcase> <!-- lockedOutUserTests -->
  <testcase classname="Org.Mobile.Tests.LoginTests" name="successfulLoginTests" time="8.701"/>
  <testcase classname="Org.Mobile.Tests.ProductsTests" name="productsValidations" time="17.909"/>
  <testcase classname="Org.Mobile.Tests.ProductDetailsTests" name="productsDetailsValidations" time="9.132">
    <failure type="java.lang.AssertionError" message="expected [$29.990] but found [$29.99]">
      <![CDATA[java.lang.AssertionError: expected [$29.990] but found [$29.99]
at Org.Mobile.pom.ProductsDescriptionPage.assertSLBPriceProdDetailsPg(ProductsDescriptionPage.java:51)
at Org.Mobile.Tests.ProductDetailsTests.productsDetailsValidations(ProductDetailsTests.java:72)
at java.base/java.util.ArrayList.forEach(ArrayList.java:1511)
at com.intellij.rt.testng.IDEARemoteTestNG.run(IDEARemoteTestNG.java:66)
at com.intellij.rt.testng.RemoteTestNGStarter.main(RemoteTestNGStarter.java:109)
... Removed 30 stack frames]]>
    </failure>
  </testcase> <!-- productsDetailsValidations -->
  <testcase classname="Org.Mobile.Base.BaseTest" name="@BeforeTest startDriver" time="0.0">
    <ignored/>
  </testcase> <!-- @BeforeTest startDriver -->
  <testcase classname="Org.Mobile.Base.BaseTest" name="@AfterTest quitDriver" time="0.0">
    <ignored/>
  </testcase> <!-- @AfterTest quitDriver -->
  <testcase classname="Org.Mobile.Base.BaseTest" name="@BeforeTest startDriver" time="0.0">
    <ignored/>
  </testcase> <!-- @BeforeTest startDriver -->
  <testcase classname="Org.Mobile.Base.BaseTest" name="@AfterTest quitDriver" time="0.0">
    <ignored/>
  </testcase> <!-- @AfterTest quitDriver -->
</testsuite> <!-- SwagLabsMobileTestingLoginTests -->
